WARNING: Using incubator modules: jdk.incubator.httpclient
[Warn  - 2:41:37 PM] Aug 27, 2019, 2:41:37 PM Synchronize project Bicycle failed due to an error in the referenced Gradle build.
Could not run phased build action using Gradle distribution 'https://services.gradle.org/distributions/gradle-5.5.1-bin.zip'.
org.gradle.tooling.BuildException: Could not run phased build action using Gradle distribution 'https://services.gradle.org/distributions/gradle-5.5.1-bin.zip'.
	at org.gradle.tooling.internal.consumer.ExceptionTransformer.transform(ExceptionTransformer.java:51)
	at org.gradle.tooling.internal.consumer.ExceptionTransformer.transform(ExceptionTransformer.java:29)
	at org.gradle.tooling.internal.consumer.ResultHandlerAdapter.onFailure(ResultHandlerAdapter.java:41)
	at org.gradle.tooling.internal.consumer.async.DefaultAsyncConsumerActionExecutor$1$1.run(DefaultAsyncConsumerActionExecutor.java:57)
	at org.gradle.internal.concurrent.ExecutorPolicy$CatchAndRecordFailures.onExecute(ExecutorPolicy.java:63)
	at org.gradle.internal.concurrent.ManagedExecutorImpl$1.run(ManagedExecutorImpl.java:46)
	at java.base/java.util.concurrent.ThreadPoolExecutor.runWorker(ThreadPoolExecutor.java:1135)
	at java.base/java.util.concurrent.ThreadPoolExecutor$Worker.run(ThreadPoolExecutor.java:635)
	at org.gradle.internal.concurrent.ThreadFactoryImpl$ManagedThreadRunnable.run(ThreadFactoryImpl.java:55)
	at java.base/java.lang.Thread.run(Thread.java:844)
	at org.gradle.tooling.internal.consumer.BlockingResultHandler.getResult(BlockingResultHandler.java:46)
	at org.gradle.tooling.internal.consumer.DefaultPhasedBuildActionExecuter.run(DefaultPhasedBuildActionExecuter.java:63)
	at org.gradle.tooling.internal.consumer.DefaultPhasedBuildActionExecuter.run(DefaultPhasedBuildActionExecuter.java:31)
	at org.eclipse.buildship.core.internal.workspace.DefaultModelProvider.runTasksAndQueryCompositeEclipseModel(DefaultModelProvider.java:130)
	at org.eclipse.buildship.core.internal.workspace.DefaultModelProvider.lambda$null$4(DefaultModelProvider.java:78)
	at org.eclipse.buildship.core.internal.DefaultGradleBuild$GradleConnectionOperation.runInToolingApi(DefaultGradleBuild.java:326)
	at org.eclipse.buildship.core.internal.operation.DefaultToolingApiOperationManager$WorkspaceRunnableAdapter.run(DefaultToolingApiOperationManager.java:57)
	at org.eclipse.core.internal.resources.Workspace.run(Workspace.java:2295)
	at org.eclipse.core.internal.resources.Workspace.run(Workspace.java:2322)
	at org.eclipse.buildship.core.internal.operation.DefaultToolingApiOperationManager.run(DefaultToolingApiOperationManager.java:38)
	at org.eclipse.buildship.core.internal.DefaultGradleBuild.withConnection(DefaultGradleBuild.java:119)
	at org.eclipse.buildship.core.internal.workspace.DefaultModelProvider.lambda$fetchEclipseProjectAndRunSyncTasks$5(DefaultModelProvider.java:73)
	at com.google.common.cache.LocalCache$LocalManualCache$1.load(LocalCache.java:5065)
	at com.google.common.cache.LocalCache$LoadingValueReference.loadFuture(LocalCache.java:3716)
	at com.google.common.cache.LocalCache$Segment.loadSync(LocalCache.java:2424)
	at com.google.common.cache.LocalCache$Segment.lockedGetOrLoad(LocalCache.java:2298)
	at com.google.common.cache.LocalCache$Segment.get(LocalCache.java:2211)
	at com.google.common.cache.LocalCache.get(LocalCache.java:4154)
	at com.google.common.cache.LocalCache$LocalManualCache.get(LocalCache.java:5060)
	at org.eclipse.buildship.core.internal.workspace.DefaultModelProvider.getFromCache(DefaultModelProvider.java:107)
	at org.eclipse.buildship.core.internal.workspace.DefaultModelProvider.executeOperation(DefaultModelProvider.java:99)
	at org.eclipse.buildship.core.internal.workspace.DefaultModelProvider.fetchEclipseProjectAndRunSyncTasks(DefaultModelProvider.java:72)
	at org.eclipse.buildship.core.internal.DefaultGradleBuild$SynchronizeOperation.runInToolingApi(DefaultGradleBuild.java:223)
	at org.eclipse.buildship.core.internal.operation.DefaultToolingApiOperationManager$WorkspaceRunnableAdapter.run(DefaultToolingApiOperationManager.java:57)
	at org.eclipse.core.internal.resources.Workspace.run(Workspace.java:2295)
	at org.eclipse.core.internal.resources.Workspace.run(Workspace.java:2322)
	at org.eclipse.buildship.core.internal.operation.DefaultToolingApiOperationManager.run(DefaultToolingApiOperationManager.java:38)
	at org.eclipse.buildship.core.internal.DefaultGradleBuild$SynchronizeOperation.run(DefaultGradleBuild.java:189)
	at org.eclipse.buildship.core.internal.DefaultGradleBuild.synchronize(DefaultGradleBuild.java:97)
	at org.eclipse.buildship.core.internal.DefaultGradleBuild.synchronize(DefaultGradleBuild.java:83)
	at org.eclipse.jdt.ls.core.internal.managers.GradleProjectImporter.startSynchronization(GradleProjectImporter.java:164)
	at org.eclipse.jdt.ls.core.internal.managers.GradleProjectImporter.importDir(GradleProjectImporter.java:98)
	at org.eclipse.jdt.ls.core.internal.managers.GradleProjectImporter.lambda$0(GradleProjectImporter.java:90)
	at java.base/java.util.ArrayList.forEach(ArrayList.java:1378)
	at java.base/java.util.Collections$UnmodifiableCollection.forEach(Collections.java:1081)
	at org.eclipse.jdt.ls.core.internal.managers.GradleProjectImporter.importToWorkspace(GradleProjectImporter.java:90)
	at org.eclipse.jdt.ls.core.internal.managers.ProjectsManager.importProjects(ProjectsManager.java:148)
	at org.eclipse.jdt.ls.core.internal.managers.ProjectsManager.initializeProjects(ProjectsManager.java:138)
	at org.eclipse.jdt.ls.core.internal.handlers.InitHandler$1.runInWorkspace(InitHandler.java:260)
	at org.eclipse.core.internal.resources.InternalWorkspaceJob.run(InternalWorkspaceJob.java:42)
	at org.eclipse.core.internal.jobs.Worker.run(Worker.java:63)
Caused by: org.gradle.internal.exceptions.LocationAwareException: Could not update timestamp for /home/aris/praxis/novice/01-04/latihan/Bicycle/.gradle/5.5.1/gc.properties
	at org.gradle.initialization.exception.DefaultExceptionAnalyser.transform(DefaultExceptionAnalyser.java:99)
	at org.gradle.initialization.exception.DefaultExceptionAnalyser.collectFailures(DefaultExceptionAnalyser.java:65)
	at org.gradle.initialization.exception.MultipleBuildFailuresExceptionAnalyser.transform(MultipleBuildFailuresExceptionAnalyser.java:47)
	at org.gradle.initialization.exception.StackTraceSanitizingExceptionAnalyser.transform(StackTraceSanitizingExceptionAnalyser.java:29)
	at org.gradle.tooling.internal.provider.SessionFailureReportingActionExecuter.execute(SessionFailureReportingActionExecuter.java:64)
	at org.gradle.tooling.internal.provider.SessionFailureReportingActionExecuter.execute(SessionFailureReportingActionExecuter.java:41)
	at org.gradle.tooling.internal.provider.SetupLoggingActionExecuter.execute(SetupLoggingActionExecuter.java:48)
	at org.gradle.tooling.internal.provider.SetupLoggingActionExecuter.execute(SetupLoggingActionExecuter.java:32)
	at org.gradle.launcher.daemon.server.exec.ExecuteBuild.doBuild(ExecuteBuild.java:67)
	at org.gradle.launcher.daemon.server.exec.BuildCommandOnly.execute(BuildCommandOnly.java:36)
	at org.gradle.launcher.daemon.server.api.DaemonCommandExecution.proceed(DaemonCommandExecution.java:104)
	at org.gradle.launcher.daemon.server.exec.WatchForDisconnection.execute(WatchForDisconnection.java:37)
	at org.gradle.launcher.daemon.server.api.DaemonCommandExecution.proceed(DaemonCommandExecution.java:104)
	at org.gradle.launcher.daemon.server.exec.ResetDeprecationLogger.execute(ResetDeprecationLogger.java:26)
	at org.gradle.launcher.daemon.server.api.DaemonCommandExecution.proceed(DaemonCommandExecution.java:104)
	at org.gradle.launcher.daemon.server.exec.RequestStopIfSingleUsedDaemon.execute(RequestStopIfSingleUsedDaemon.java:34)
	at org.gradle.launcher.daemon.server.api.DaemonCommandExecution.proceed(DaemonCommandExecution.java:104)
	at org.gradle.launcher.daemon.server.exec.ForwardClientInput$2.call(ForwardClientInput.java:74)
	at org.gradle.launcher.daemon.server.exec.ForwardClientInput$2.call(ForwardClientInput.java:72)
	at org.gradle.util.Swapper.swap(Swapper.java:38)
	at org.gradle.launcher.daemon.server.exec.ForwardClientInput.execute(ForwardClientInput.java:72)
	at org.gradle.launcher.daemon.server.api.DaemonCommandExecution.proceed(DaemonCommandExecution.java:104)
	at org.gradle.launcher.daemon.server.exec.LogAndCheckHealth.execute(LogAndCheckHealth.java:55)
	at org.gradle.launcher.daemon.server.api.DaemonCommandExecution.proceed(DaemonCommandExecution.java:104)
	at org.gradle.launcher.daemon.server.exec.LogToClient.doBuild(LogToClient.java:62)
	at org.gradle.launcher.daemon.server.exec.BuildCommandOnly.execute(BuildCommandOnly.java:36)
	at org.gradle.launcher.daemon.server.api.DaemonCommandExecution.proceed(DaemonCommandExecution.java:104)
	at org.gradle.launcher.daemon.server.exec.EstablishBuildEnvironment.doBuild(EstablishBuildEnvironment.java:81)
	at org.gradle.launcher.daemon.server.exec.BuildCommandOnly.execute(BuildCommandOnly.java:36)
	at org.gradle.launcher.daemon.server.api.DaemonCommandExecution.proceed(DaemonCommandExecution.java:104)
	at org.gradle.launcher.daemon.server.exec.StartBuildOrRespondWithBusy$1.run(StartBuildOrRespondWithBusy.java:50)
	at org.gradle.launcher.daemon.server.DaemonStateCoordinator$1.run(DaemonStateCoordinator.java:295)
	at org.gradle.internal.concurrent.ExecutorPolicy$CatchAndRecordFailures.onExecute(ExecutorPolicy.java:63)
	at org.gradle.internal.concurrent.ManagedExecutorImpl$1.run(ManagedExecutorImpl.java:46)
	at org.gradle.internal.concurrent.ThreadFactoryImpl$ManagedThreadRunnable.run(ThreadFactoryImpl.java:55)
Caused by: org.gradle.api.UncheckedIOException: Could not update timestamp for /home/aris/praxis/novice/01-04/latihan/Bicycle/.gradle/5.5.1/gc.properties
	at org.gradle.util.GFileUtils.touchFileByWritingEmptyByteArray(GFileUtils.java:91)
	at org.gradle.util.GFileUtils.touchExisting(GFileUtils.java:78)
	at org.gradle.util.GFileUtils.touch(GFileUtils.java:59)
	at org.gradle.cache.internal.VersionSpecificCacheCleanupAction.markCleanedUp(VersionSpecificCacheCleanupAction.java:90)
	at org.gradle.cache.internal.VersionSpecificCacheCleanupAction.performCleanup(VersionSpecificCacheCleanupAction.java:104)
	at org.gradle.cache.internal.VersionSpecificCacheCleanupAction.execute(VersionSpecificCacheCleanupAction.java:72)
	at org.gradle.initialization.layout.ProjectCacheDir.stop(ProjectCacheDir.java:49)
	at org.gradle.internal.concurrent.CompositeStoppable.stop(CompositeStoppable.java:103)
	at org.gradle.internal.service.DefaultServiceRegistry$ManagedObjectServiceProvider.stop(DefaultServiceRegistry.java:566)
	at org.gradle.internal.concurrent.CompositeStoppable.stop(CompositeStoppable.java:103)
	at org.gradle.internal.service.DefaultServiceRegistry$OwnServices.stop(DefaultServiceRegistry.java:458)
	at org.gradle.internal.concurrent.CompositeStoppable.stop(CompositeStoppable.java:103)
	at org.gradle.internal.service.DefaultServiceRegistry$CompositeServiceProvider.stop(DefaultServiceRegistry.java:946)
	at org.gradle.internal.concurrent.CompositeStoppable.stop(CompositeStoppable.java:103)
	at org.gradle.internal.service.DefaultServiceRegistry.close(DefaultServiceRegistry.java:253)
	at org.gradle.internal.concurrent.CompositeStoppable$2.stop(CompositeStoppable.java:88)
	at org.gradle.internal.concurrent.CompositeStoppable.stop(CompositeStoppable.java:103)
	at org.gradle.tooling.internal.provider.SessionScopeBuildActionExecuter.execute(SessionScopeBuildActionExecuter.java:73)
	at org.gradle.tooling.internal.provider.SessionScopeBuildActionExecuter.execute(SessionScopeBuildActionExecuter.java:38)
	at org.gradle.tooling.internal.provider.GradleThreadBuildActionExecuter.execute(GradleThreadBuildActionExecuter.java:37)
	at org.gradle.tooling.internal.provider.GradleThreadBuildActionExecuter.execute(GradleThreadBuildActionExecuter.java:26)
	at org.gradle.tooling.internal.provider.ParallelismConfigurationBuildActionExecuter.execute(ParallelismConfigurationBuildActionExecuter.java:43)
	at org.gradle.tooling.internal.provider.ParallelismConfigurationBuildActionExecuter.execute(ParallelismConfigurationBuildActionExecuter.java:29)
	at org.gradle.tooling.internal.provider.StartParamsValidatingActionExecuter.execute(StartParamsValidatingActionExecuter.java:60)
	at org.gradle.tooling.internal.provider.StartParamsValidatingActionExecuter.execute(StartParamsValidatingActionExecuter.java:32)
	at org.gradle.tooling.internal.provider.SessionFailureReportingActionExecuter.execute(SessionFailureReportingActionExecuter.java:55)
	... 30 more
Caused by: java.io.FileNotFoundException: /home/aris/praxis/novice/01-04/latihan/Bicycle/.gradle/5.5.1/gc.properties (Permission denied)
	at org.gradle.util.GFileUtils.touchFileByWritingEmptyByteArray(GFileUtils.java:88)
	... 55 more

[Warn  - 2:41:37 PM] Aug 27, 2019, 2:41:37 PM Synchronize project Bicycle failed due to an error in the referenced Gradle build.
Could not run phased build action using Gradle distribution 'https://services.gradle.org/distributions/gradle-5.5.1-bin.zip'.
org.gradle.tooling.BuildException: Could not run phased build action using Gradle distribution 'https://services.gradle.org/distributions/gradle-5.5.1-bin.zip'.
	at org.gradle.tooling.internal.consumer.ExceptionTransformer.transform(ExceptionTransformer.java:51)
	at org.gradle.tooling.internal.consumer.ExceptionTransformer.transform(ExceptionTransformer.java:29)
	at org.gradle.tooling.internal.consumer.ResultHandlerAdapter.onFailure(ResultHandlerAdapter.java:41)
	at org.gradle.tooling.internal.consumer.async.DefaultAsyncConsumerActionExecutor$1$1.run(DefaultAsyncConsumerActionExecutor.java:57)
	at org.gradle.internal.concurrent.ExecutorPolicy$CatchAndRecordFailures.onExecute(ExecutorPolicy.java:63)
	at org.gradle.internal.concurrent.ManagedExecutorImpl$1.run(ManagedExecutorImpl.java:46)
	at java.base/java.util.concurrent.ThreadPoolExecutor.runWorker(ThreadPoolExecutor.java:1135)
	at java.base/java.util.concurrent.ThreadPoolExecutor$Worker.run(ThreadPoolExecutor.java:635)
	at org.gradle.internal.concurrent.ThreadFactoryImpl$ManagedThreadRunnable.run(ThreadFactoryImpl.java:55)
	at java.base/java.lang.Thread.run(Thread.java:844)
	at org.gradle.tooling.internal.consumer.BlockingResultHandler.getResult(BlockingResultHandler.java:46)
	at org.gradle.tooling.internal.consumer.DefaultPhasedBuildActionExecuter.run(DefaultPhasedBuildActionExecuter.java:63)
	at org.gradle.tooling.internal.consumer.DefaultPhasedBuildActionExecuter.run(DefaultPhasedBuildActionExecuter.java:31)
	at org.eclipse.buildship.core.internal.workspace.DefaultModelProvider.runTasksAndQueryCompositeEclipseModel(DefaultModelProvider.java:130)
	at org.eclipse.buildship.core.internal.workspace.DefaultModelProvider.lambda$null$4(DefaultModelProvider.java:78)
	at org.eclipse.buildship.core.internal.DefaultGradleBuild$GradleConnectionOperation.runInToolingApi(DefaultGradleBuild.java:326)
	at org.eclipse.buildship.core.internal.operation.DefaultToolingApiOperationManager$WorkspaceRunnableAdapter.run(DefaultToolingApiOperationManager.java:57)
	at org.eclipse.core.internal.resources.Workspace.run(Workspace.java:2295)
	at org.eclipse.core.internal.resources.Workspace.run(Workspace.java:2322)
	at org.eclipse.buildship.core.internal.operation.DefaultToolingApiOperationManager.run(DefaultToolingApiOperationManager.java:38)
	at org.eclipse.buildship.core.internal.DefaultGradleBuild.withConnection(DefaultGradleBuild.java:119)
	at org.eclipse.buildship.core.internal.workspace.DefaultModelProvider.lambda$fetchEclipseProjectAndRunSyncTasks$5(DefaultModelProvider.java:73)
	at com.google.common.cache.LocalCache$LocalManualCache$1.load(LocalCache.java:5065)
	at com.google.common.cache.LocalCache$LoadingValueReference.loadFuture(LocalCache.java:3716)
	at com.google.common.cache.LocalCache$Segment.loadSync(LocalCache.java:2424)
	at com.google.common.cache.LocalCache$Segment.lockedGetOrLoad(LocalCache.java:2298)
	at com.google.common.cache.LocalCache$Segment.get(LocalCache.java:2211)
	at com.google.common.cache.LocalCache.get(LocalCache.java:4154)
	at com.google.common.cache.LocalCache$LocalManualCache.get(LocalCache.java:5060)
	at org.eclipse.buildship.core.internal.workspace.DefaultModelProvider.getFromCache(DefaultModelProvider.java:107)
	at org.eclipse.buildship.core.internal.workspace.DefaultModelProvider.executeOperation(DefaultModelProvider.java:99)
	at org.eclipse.buildship.core.internal.workspace.DefaultModelProvider.fetchEclipseProjectAndRunSyncTasks(DefaultModelProvider.java:72)
	at org.eclipse.buildship.core.internal.DefaultGradleBuild$SynchronizeOperation.runInToolingApi(DefaultGradleBuild.java:223)
	at org.eclipse.buildship.core.internal.operation.DefaultToolingApiOperationManager$WorkspaceRunnableAdapter.run(DefaultToolingApiOperationManager.java:57)
	at org.eclipse.core.internal.resources.Workspace.run(Workspace.java:2295)
	at org.eclipse.core.internal.resources.Workspace.run(Workspace.java:2322)
	at org.eclipse.buildship.core.internal.operation.DefaultToolingApiOperationManager.run(DefaultToolingApiOperationManager.java:38)
	at org.eclipse.buildship.core.internal.DefaultGradleBuild$SynchronizeOperation.run(DefaultGradleBuild.java:189)
	at org.eclipse.buildship.core.internal.DefaultGradleBuild.synchronize(DefaultGradleBuild.java:97)
	at org.eclipse.buildship.core.internal.DefaultGradleBuild.synchronize(DefaultGradleBuild.java:83)
	at org.eclipse.jdt.ls.core.internal.managers.GradleProjectImporter.startSynchronization(GradleProjectImporter.java:164)
	at org.eclipse.jdt.ls.core.internal.managers.GradleProjectImporter.importDir(GradleProjectImporter.java:98)
	at org.eclipse.jdt.ls.core.internal.managers.GradleProjectImporter.lambda$0(GradleProjectImporter.java:90)
	at java.base/java.util.ArrayList.forEach(ArrayList.java:1378)
	at java.base/java.util.Collections$UnmodifiableCollection.forEach(Collections.java:1081)
	at org.eclipse.jdt.ls.core.internal.managers.GradleProjectImporter.importToWorkspace(GradleProjectImporter.java:90)
	at org.eclipse.jdt.ls.core.internal.managers.ProjectsManager.importProjects(ProjectsManager.java:148)
	at org.eclipse.jdt.ls.core.internal.managers.ProjectsManager.initializeProjects(ProjectsManager.java:138)
	at org.eclipse.jdt.ls.core.internal.handlers.InitHandler$1.runInWorkspace(InitHandler.java:260)
	at org.eclipse.core.internal.resources.InternalWorkspaceJob.run(InternalWorkspaceJob.java:42)
	at org.eclipse.core.internal.jobs.Worker.run(Worker.java:63)
Caused by: org.gradle.internal.exceptions.LocationAwareException: Could not update timestamp for /home/aris/praxis/novice/01-04/latihan/Bicycle/.gradle/5.5.1/gc.properties
	at org.gradle.initialization.exception.DefaultExceptionAnalyser.transform(DefaultExceptionAnalyser.java:99)
	at org.gradle.initialization.exception.DefaultExceptionAnalyser.collectFailures(DefaultExceptionAnalyser.java:65)
	at org.gradle.initialization.exception.MultipleBuildFailuresExceptionAnalyser.transform(MultipleBuildFailuresExceptionAnalyser.java:47)
	at org.gradle.initialization.exception.StackTraceSanitizingExceptionAnalyser.transform(StackTraceSanitizingExceptionAnalyser.java:29)
	at org.gradle.tooling.internal.provider.SessionFailureReportingActionExecuter.execute(SessionFailureReportingActionExecuter.java:64)
	at org.gradle.tooling.internal.provider.SessionFailureReportingActionExecuter.execute(SessionFailureReportingActionExecuter.java:41)
	at org.gradle.tooling.internal.provider.SetupLoggingActionExecuter.execute(SetupLoggingActionExecuter.java:48)
	at org.gradle.tooling.internal.provider.SetupLoggingActionExecuter.execute(SetupLoggingActionExecuter.java:32)
	at org.gradle.launcher.daemon.server.exec.ExecuteBuild.doBuild(ExecuteBuild.java:67)
	at org.gradle.launcher.daemon.server.exec.BuildCommandOnly.execute(BuildCommandOnly.java:36)
	at org.gradle.launcher.daemon.server.api.DaemonCommandExecution.proceed(DaemonCommandExecution.java:104)
	at org.gradle.launcher.daemon.server.exec.WatchForDisconnection.execute(WatchForDisconnection.java:37)
	at org.gradle.launcher.daemon.server.api.DaemonCommandExecution.proceed(DaemonCommandExecution.java:104)
	at org.gradle.launcher.daemon.server.exec.ResetDeprecationLogger.execute(ResetDeprecationLogger.java:26)
	at org.gradle.launcher.daemon.server.api.DaemonCommandExecution.proceed(DaemonCommandExecution.java:104)
	at org.gradle.launcher.daemon.server.exec.RequestStopIfSingleUsedDaemon.execute(RequestStopIfSingleUsedDaemon.java:34)
	at org.gradle.launcher.daemon.server.api.DaemonCommandExecution.proceed(DaemonCommandExecution.java:104)
	at org.gradle.launcher.daemon.server.exec.ForwardClientInput$2.call(ForwardClientInput.java:74)
	at org.gradle.launcher.daemon.server.exec.ForwardClientInput$2.call(ForwardClientInput.java:72)
	at org.gradle.util.Swapper.swap(Swapper.java:38)
	at org.gradle.launcher.daemon.server.exec.ForwardClientInput.execute(ForwardClientInput.java:72)
	at org.gradle.launcher.daemon.server.api.DaemonCommandExecution.proceed(DaemonCommandExecution.java:104)
	at org.gradle.launcher.daemon.server.exec.LogAndCheckHealth.execute(LogAndCheckHealth.java:55)
	at org.gradle.launcher.daemon.server.api.DaemonCommandExecution.proceed(DaemonCommandExecution.java:104)
	at org.gradle.launcher.daemon.server.exec.LogToClient.doBuild(LogToClient.java:62)
	at org.gradle.launcher.daemon.server.exec.BuildCommandOnly.execute(BuildCommandOnly.java:36)
	at org.gradle.launcher.daemon.server.api.DaemonCommandExecution.proceed(DaemonCommandExecution.java:104)
	at org.gradle.launcher.daemon.server.exec.EstablishBuildEnvironment.doBuild(EstablishBuildEnvironment.java:81)
	at org.gradle.launcher.daemon.server.exec.BuildCommandOnly.execute(BuildCommandOnly.java:36)
	at org.gradle.launcher.daemon.server.api.DaemonCommandExecution.proceed(DaemonCommandExecution.java:104)
	at org.gradle.launcher.daemon.server.exec.StartBuildOrRespondWithBusy$1.run(StartBuildOrRespondWithBusy.java:50)
	at org.gradle.launcher.daemon.server.DaemonStateCoordinator$1.run(DaemonStateCoordinator.java:295)
	at org.gradle.internal.concurrent.ExecutorPolicy$CatchAndRecordFailures.onExecute(ExecutorPolicy.java:63)
	at org.gradle.internal.concurrent.ManagedExecutorImpl$1.run(ManagedExecutorImpl.java:46)
	at org.gradle.internal.concurrent.ThreadFactoryImpl$ManagedThreadRunnable.run(ThreadFactoryImpl.java:55)
Caused by: org.gradle.api.UncheckedIOException: Could not update timestamp for /home/aris/praxis/novice/01-04/latihan/Bicycle/.gradle/5.5.1/gc.properties
	at org.gradle.util.GFileUtils.touchFileByWritingEmptyByteArray(GFileUtils.java:91)
	at org.gradle.util.GFileUtils.touchExisting(GFileUtils.java:78)
	at org.gradle.util.GFileUtils.touch(GFileUtils.java:59)
	at org.gradle.cache.internal.VersionSpecificCacheCleanupAction.markCleanedUp(VersionSpecificCacheCleanupAction.java:90)
	at org.gradle.cache.internal.VersionSpecificCacheCleanupAction.performCleanup(VersionSpecificCacheCleanupAction.java:104)
	at org.gradle.cache.internal.VersionSpecificCacheCleanupAction.execute(VersionSpecificCacheCleanupAction.java:72)
	at org.gradle.initialization.layout.ProjectCacheDir.stop(ProjectCacheDir.java:49)
	at org.gradle.internal.concurrent.CompositeStoppable.stop(CompositeStoppable.java:103)
	at org.gradle.internal.service.DefaultServiceRegistry$ManagedObjectServiceProvider.stop(DefaultServiceRegistry.java:566)
	at org.gradle.internal.concurrent.CompositeStoppable.stop(CompositeStoppable.java:103)
	at org.gradle.internal.service.DefaultServiceRegistry$OwnServices.stop(DefaultServiceRegistry.java:458)
	at org.gradle.internal.concurrent.CompositeStoppable.stop(CompositeStoppable.java:103)
	at org.gradle.internal.service.DefaultServiceRegistry$CompositeServiceProvider.stop(DefaultServiceRegistry.java:946)
	at org.gradle.internal.concurrent.CompositeStoppable.stop(CompositeStoppable.java:103)
	at org.gradle.internal.service.DefaultServiceRegistry.close(DefaultServiceRegistry.java:253)
	at org.gradle.internal.concurrent.CompositeStoppable$2.stop(CompositeStoppable.java:88)
	at org.gradle.internal.concurrent.CompositeStoppable.stop(CompositeStoppable.java:103)
	at org.gradle.tooling.internal.provider.SessionScopeBuildActionExecuter.execute(SessionScopeBuildActionExecuter.java:73)
	at org.gradle.tooling.internal.provider.SessionScopeBuildActionExecuter.execute(SessionScopeBuildActionExecuter.java:38)
	at org.gradle.tooling.internal.provider.GradleThreadBuildActionExecuter.execute(GradleThreadBuildActionExecuter.java:37)
	at org.gradle.tooling.internal.provider.GradleThreadBuildActionExecuter.execute(GradleThreadBuildActionExecuter.java:26)
	at org.gradle.tooling.internal.provider.ParallelismConfigurationBuildActionExecuter.execute(ParallelismConfigurationBuildActionExecuter.java:43)
	at org.gradle.tooling.internal.provider.ParallelismConfigurationBuildActionExecuter.execute(ParallelismConfigurationBuildActionExecuter.java:29)
	at org.gradle.tooling.internal.provider.StartParamsValidatingActionExecuter.execute(StartParamsValidatingActionExecuter.java:60)
	at org.gradle.tooling.internal.provider.StartParamsValidatingActionExecuter.execute(StartParamsValidatingActionExecuter.java:32)
	at org.gradle.tooling.internal.provider.SessionFailureReportingActionExecuter.execute(SessionFailureReportingActionExecuter.java:55)
	... 30 more
Caused by: java.io.FileNotFoundException: /home/aris/praxis/novice/01-04/latihan/Bicycle/.gradle/5.5.1/gc.properties (Permission denied)
	at org.gradle.util.GFileUtils.touchFileByWritingEmptyByteArray(GFileUtils.java:88)
	... 55 more

[Error - 2:49:57 PM] Request textDocument/definition failed.
Error: The received response has neither a result nor an error property.
    at /home/aris/.vscode/extensions/redhat.java-0.47.0/dist/extension.js:1:14185
    at /home/aris/.vscode/extensions/redhat.java-0.47.0/dist/extension.js:1:14266
    at Immediate.module.exports.k.size.setImmediate (/home/aris/.vscode/extensions/redhat.java-0.47.0/dist/extension.js:1:14283)
    at runCallback (timers.js:694:18)
    at tryOnImmediate (timers.js:665:5)
    at processImmediate (timers.js:647:5)
[Error - 2:49:58 PM] Request textDocument/definition failed.
Error: The received response has neither a result nor an error property.
    at /home/aris/.vscode/extensions/redhat.java-0.47.0/dist/extension.js:1:14185
    at /home/aris/.vscode/extensions/redhat.java-0.47.0/dist/extension.js:1:14266
    at Immediate.module.exports.k.size.setImmediate (/home/aris/.vscode/extensions/redhat.java-0.47.0/dist/extension.js:1:14283)
    at runCallback (timers.js:694:18)
    at tryOnImmediate (timers.js:665:5)
    at processImmediate (timers.js:647:5)
[Error - 2:51:05 PM] Request textDocument/definition failed.
Error: The received response has neither a result nor an error property.
    at /home/aris/.vscode/extensions/redhat.java-0.47.0/dist/extension.js:1:14185
    at /home/aris/.vscode/extensions/redhat.java-0.47.0/dist/extension.js:1:14266
    at Immediate.module.exports.k.size.setImmediate (/home/aris/.vscode/extensions/redhat.java-0.47.0/dist/extension.js:1:14283)
    at runCallback (timers.js:694:18)
    at tryOnImmediate (timers.js:665:5)
    at processImmediate (timers.js:647:5)
[Error - 2:52:05 PM] Request textDocument/definition failed.
Error: The received response has neither a result nor an error property.
    at /home/aris/.vscode/extensions/redhat.java-0.47.0/dist/extension.js:1:14185
    at /home/aris/.vscode/extensions/redhat.java-0.47.0/dist/extension.js:1:14266
    at Immediate.module.exports.k.size.setImmediate (/home/aris/.vscode/extensions/redhat.java-0.47.0/dist/extension.js:1:14283)
    at runCallback (timers.js:694:18)
    at tryOnImmediate (timers.js:665:5)
    at processImmediate (timers.js:647:5)
[Error - 2:52:06 PM] Request textDocument/definition failed.
Error: The received response has neither a result nor an error property.
    at /home/aris/.vscode/extensions/redhat.java-0.47.0/dist/extension.js:1:14185
    at /home/aris/.vscode/extensions/redhat.java-0.47.0/dist/extension.js:1:14266
    at Immediate.module.exports.k.size.setImmediate (/home/aris/.vscode/extensions/redhat.java-0.47.0/dist/extension.js:1:14283)
    at runCallback (timers.js:694:18)
    at tryOnImmediate (timers.js:665:5)
    at processImmediate (timers.js:647:5)
[Error - 2:52:29 PM] Aug 27, 2019, 2:52:29 PM file:///home/aris/praxis/novice/01-04/latihan/Bicycle/src/test/java/Bicycle/MountainBikeTest.java does not resolve to a ICompilationUnit
[Error - 2:53:50 PM] Request textDocument/definition failed.
Error: The received response has neither a result nor an error property.
    at /home/aris/.vscode/extensions/redhat.java-0.47.0/dist/extension.js:1:14185
    at /home/aris/.vscode/extensions/redhat.java-0.47.0/dist/extension.js:1:14266
    at Immediate.module.exports.k.size.setImmediate (/home/aris/.vscode/extensions/redhat.java-0.47.0/dist/extension.js:1:14283)
    at runCallback (timers.js:694:18)
    at tryOnImmediate (timers.js:665:5)
    at processImmediate (timers.js:647:5)
[Error - 2:53:50 PM] Request textDocument/definition failed.
Error: The received response has neither a result nor an error property.
    at /home/aris/.vscode/extensions/redhat.java-0.47.0/dist/extension.js:1:14185
    at /home/aris/.vscode/extensions/redhat.java-0.47.0/dist/extension.js:1:14266
    at Immediate.module.exports.k.size.setImmediate (/home/aris/.vscode/extensions/redhat.java-0.47.0/dist/extension.js:1:14283)
    at runCallback (timers.js:694:18)
    at tryOnImmediate (timers.js:665:5)
    at processImmediate (timers.js:647:5)
[Error - 2:53:51 PM] Request textDocument/definition failed.
Error: The received response has neither a result nor an error property.
    at /home/aris/.vscode/extensions/redhat.java-0.47.0/dist/extension.js:1:14185
    at /home/aris/.vscode/extensions/redhat.java-0.47.0/dist/extension.js:1:14266
    at Immediate.module.exports.k.size.setImmediate (/home/aris/.vscode/extensions/redhat.java-0.47.0/dist/extension.js:1:14283)
    at runCallback (timers.js:694:18)
    at tryOnImmediate (timers.js:665:5)
    at processImmediate (timers.js:647:5)
[Error - 2:53:51 PM] Aug 27, 2019, 2:53:51 PM file:///home/aris/praxis/novice/01-04/latihan/Bicycle/src/test/java/Bicycle/MountainBikeTest.java does not resolve to a ICompilationUnit
[Error - 2:54:40 PM] Aug 27, 2019, 2:54:40 PM file:///home/aris/praxis/novice/01-04/latihan/Bicycle/src/test/java/Bicycle/MountainBikeTest.java does not resolve to a ICompilationUnit
[Error - 2:59:33 PM] Aug 27, 2019, 2:59:33 PM file:///home/aris/praxis/novice/01-04/latihan/Bicycle/src/test/java/Bicycle/MountainBikeTest.java does not resolve to a ICompilationUnit
[Error - 3:01:48 PM] Request textDocument/definition failed.
Error: The received response has neither a result nor an error property.
    at /home/aris/.vscode/extensions/redhat.java-0.47.0/dist/extension.js:1:14185
    at /home/aris/.vscode/extensions/redhat.java-0.47.0/dist/extension.js:1:14266
    at Immediate.module.exports.k.size.setImmediate (/home/aris/.vscode/extensions/redhat.java-0.47.0/dist/extension.js:1:14283)
    at runCallback (timers.js:694:18)
    at tryOnImmediate (timers.js:665:5)
    at processImmediate (timers.js:647:5)
[Error - 3:01:48 PM] Request textDocument/definition failed.
Error: The received response has neither a result nor an error property.
    at /home/aris/.vscode/extensions/redhat.java-0.47.0/dist/extension.js:1:14185
    at /home/aris/.vscode/extensions/redhat.java-0.47.0/dist/extension.js:1:14266
    at Immediate.module.exports.k.size.setImmediate (/home/aris/.vscode/extensions/redhat.java-0.47.0/dist/extension.js:1:14283)
    at runCallback (timers.js:694:18)
    at tryOnImmediate (timers.js:665:5)
    at processImmediate (timers.js:647:5)
[Error - 3:01:54 PM] Request textDocument/definition failed.
Error: The received response has neither a result nor an error property.
    at /home/aris/.vscode/extensions/redhat.java-0.47.0/dist/extension.js:1:14185
    at /home/aris/.vscode/extensions/redhat.java-0.47.0/dist/extension.js:1:14266
    at Immediate.module.exports.k.size.setImmediate (/home/aris/.vscode/extensions/redhat.java-0.47.0/dist/extension.js:1:14283)
    at runCallback (timers.js:694:18)
    at tryOnImmediate (timers.js:665:5)
    at processImmediate (timers.js:647:5)
[Error - 3:01:56 PM] Aug 27, 2019, 3:01:56 PM file:///home/aris/praxis/novice/01-04/latihan/Bicycle/src/test/java/Bicycle/MountainBikeTest.java does not resolve to a ICompilationUnit
[Error - 3:02:12 PM] Aug 27, 2019, 3:02:12 PM file:///home/aris/praxis/novice/01-04/latihan/Bicycle/src/test/java/Bicycle/MountainBikeTest.java does not resolve to a ICompilationUnit
[Error - 3:02:31 PM] Aug 27, 2019, 3:02:31 PM file:///home/aris/praxis/novice/01-04/latihan/Bicycle/src/test/java/Bicycle/MountainBikeTest.java does not resolve to a ICompilationUnit
[Error - 3:02:58 PM] Aug 27, 2019, 3:02:58 PM file:///home/aris/praxis/novice/01-04/latihan/Bicycle/src/test/java/Bicycle/MountainBikeTest.java does not resolve to a ICompilationUnit
[Error - 3:03:42 PM] Aug 27, 2019, 3:03:42 PM file:///home/aris/praxis/novice/01-04/latihan/Bicycle/src/test/java/Bicycle/MountainBikeTest.java does not resolve to a ICompilationUnit
[Error - 3:04:17 PM] Aug 27, 2019, 3:04:17 PM file:///home/aris/praxis/novice/01-04/latihan/Bicycle/src/test/java/Bicycle/MountainBikeTest.java does not resolve to a ICompilationUnit
[Error - 3:05:03 PM] Aug 27, 2019, 3:05:03 PM file:///home/aris/praxis/novice/01-04/latihan/Bicycle/src/test/java/Bicycle/MountainBikeTest.java does not resolve to a ICompilationUnit
